# JRE version: Java(TM) SE Runtime Environment (8.0_91-b15) (build 1.8.0_91-b15)
# Java VM: Java HotSpot(TM) 64-Bit Server VM (25.91-b15 mixed mode windows-amd64 compressed oops)
Heap:
 PSYoungGen      total 59392K, used 44957K [0x00000000eb180000, 0x00000000f3280000, 0x0000000100000000)
  eden space 58880K, 75% used [0x00000000eb180000,0x00000000edd0f610,0x00000000eeb00000)
  from space 512K, 68% used [0x00000000f3200000,0x00000000f3258000,0x00000000f3280000)
  to   space 9216K, 0% used [0x00000000f2080000,0x00000000f2080000,0x00000000f2980000)
 ParOldGen       total 44032K, used 16622K [0x00000000c1400000, 0x00000000c3f00000, 0x00000000eb180000)
  object space 44032K, 37% used [0x00000000c1400000,0x00000000c243b990,0x00000000c3f00000)
 Metaspace       used 18998K, capacity 19603K, committed 19968K, reserved 1067008K
  class space    used 1960K, capacity 2286K, committed 2304K, reserved 1048576K
GC Heap History (10 events):
Event: 1.996 GC heap before
{Heap before GC invocations=6 (full 0):
 PSYoungGen      total 35328K, used 35297K [0x00000000eb180000, 0x00000000f0480000, 0x0000000100000000)
  eden space 32768K, 100% used [0x00000000eb180000,0x00000000ed180000,0x00000000ed180000)
  from space 2560K, 98% used [0x00000000ed180000,0x00000000ed3f85b8,0x00000000ed400000)
  to   space 9728K, 0% used [0x00000000efb00000,0x00000000efb00000,0x00000000f0480000)
 ParOldGen       total 44032K, used 13969K [0x00000000c1400000, 0x00000000c3f00000, 0x00000000eb180000)
  object space 44032K, 31% used [0x00000000c1400000,0x00000000c21a4770,0x00000000c3f00000)
 Metaspace       used 18872K, capacity 19473K, committed 19712K, reserved 1067008K
  class space    used 1957K, capacity 2285K, committed 2304K, reserved 1048576K
Event: 2.000 GC heap after
Heap after GC invocations=6 (full 0):
 PSYoungGen      total 74240K, used 3376K [0x00000000eb180000, 0x00000000f0380000, 0x0000000100000000)
  eden space 65536K, 0% used [0x00000000eb180000,0x00000000eb180000,0x00000000ef180000)
  from space 8704K, 38% used [0x00000000efb00000,0x00000000efe4c180,0x00000000f0380000)
  to   space 9216K, 0% used [0x00000000ef180000,0x00000000ef180000,0x00000000efa80000)
 ParOldGen       total 44032K, used 13977K [0x00000000c1400000, 0x00000000c3f00000, 0x00000000eb180000)
  object space 44032K, 31% used [0x00000000c1400000,0x00000000c21a6770,0x00000000c3f00000)
 Metaspace       used 18872K, capacity 19473K, committed 19712K, reserved 1067008K
  class space    used 1957K, capacity 2285K, committed 2304K, reserved 1048576K
}
Event: 2.584 GC heap before
{Heap before GC invocations=7 (full 0):
 PSYoungGen      total 74240K, used 68912K [0x00000000eb180000, 0x00000000f0380000, 0x0000000100000000)
  eden space 65536K, 100% used [0x00000000eb180000,0x00000000ef180000,0x00000000ef180000)
  from space 8704K, 38% used [0x00000000efb00000,0x00000000efe4c180,0x00000000f0380000)
  to   space 9216K, 0% used [0x00000000ef180000,0x00000000ef180000,0x00000000efa80000)
 ParOldGen       total 44032K, used 13977K [0x00000000c1400000, 0x00000000c3f00000, 0x00000000eb180000)
  object space 44032K, 31% used [0x00000000c1400000,0x00000000c21a6770,0x00000000c3f00000)
 Metaspace       used 18984K, capacity 19601K, committed 19712K, reserved 1067008K
  class space    used 1959K, capacity 2285K, committed 2304K, reserved 1048576K
Event: 2.589 GC heap after
Heap after GC invocations=7 (full 0):
 PSYoungGen      total 74752K, used 1600K [0x00000000eb180000, 0x00000000f4380000, 0x0000000100000000)
  eden space 65536K, 0% used [0x00000000eb180000,0x00000000eb180000,0x00000000ef180000)
  from space 9216K, 17% used [0x00000000ef180000,0x00000000ef310000,0x00000000efa80000)
  to   space 9216K, 0% used [0x00000000f3a80000,0x00000000f3a80000,0x00000000f4380000)
 ParOldGen       total 44032K, used 15949K [0x00000000c1400000, 0x00000000c3f00000, 0x00000000eb180000)
  object space 44032K, 36% used [0x00000000c1400000,0x00000000c23936b0,0x00000000c3f00000)
 Metaspace       used 18984K, capacity 19601K, committed 19712K, reserved 1067008K
  class space    used 1959K, capacity 2285K, committed 2304K, reserved 1048576K
}
Event: 2.969 GC heap before
{Heap before GC invocations=8 (full 0):
 PSYoungGen      total 74752K, used 67136K [0x00000000eb180000, 0x00000000f4380000, 0x0000000100000000)
  eden space 65536K, 100% used [0x00000000eb180000,0x00000000ef180000,0x00000000ef180000)
  from space 9216K, 17% used [0x00000000ef180000,0x00000000ef310000,0x00000000efa80000)
  to   space 9216K, 0% used [0x00000000f3a80000,0x00000000f3a80000,0x00000000f4380000)
 ParOldGen       total 44032K, used 15949K [0x00000000c1400000, 0x00000000c3f00000, 0x00000000eb180000)
  object space 44032K, 36% used [0x00000000c1400000,0x00000000c23936b0,0x00000000c3f00000)
 Metaspace       used 18989K, capacity 19601K, committed 19712K, reserved 1067008K
  class space    used 1959K, capacity 2285K, committed 2304K, reserved 1048576K
Event: 2.971 GC heap after
Heap after GC invocations=8 (full 0):
 PSYoungGen      total 64000K, used 832K [0x00000000eb180000, 0x00000000f3b80000, 0x0000000100000000)
  eden space 62976K, 0% used [0x00000000eb180000,0x00000000eb180000,0x00000000eef00000)
  from space 1024K, 81% used [0x00000000f3a80000,0x00000000f3b50000,0x00000000f3b80000)
  to   space 9216K, 0% used [0x00000000f2980000,0x00000000f2980000,0x00000000f3280000)
 ParOldGen       total 44032K, used 16390K [0x00000000c1400000, 0x00000000c3f00000, 0x00000000eb180000)
  object space 44032K, 37% used [0x00000000c1400000,0x00000000c2401990,0x00000000c3f00000)
 Metaspace       used 18989K, capacity 19601K, committed 19712K, reserved 1067008K
  class space    used 1959K, capacity 2285K, committed 2304K, reserved 1048576K
}
Event: 3.229 GC heap before
{Heap before GC invocations=9 (full 0):
 PSYoungGen      total 64000K, used 63808K [0x00000000eb180000, 0x00000000f3b80000, 0x0000000100000000)
  eden space 62976K, 100% used [0x00000000eb180000,0x00000000eef00000,0x00000000eef00000)
  from space 1024K, 81% used [0x00000000f3a80000,0x00000000f3b50000,0x00000000f3b80000)
  to   space 9216K, 0% used [0x00000000f2980000,0x00000000f2980000,0x00000000f3280000)
 ParOldGen       total 44032K, used 16390K [0x00000000c1400000, 0x00000000c3f00000, 0x00000000eb180000)
  object space 44032K, 37% used [0x00000000c1400000,0x00000000c2401990,0x00000000c3f00000)
 Metaspace       used 18989K, capacity 19601K, committed 19712K, reserved 1067008K
  class space    used 1959K, capacity 2285K, committed 2304K, reserved 1048576K
Event: 3.230 GC heap after
Heap after GC invocations=9 (full 0):
 PSYoungGen      total 61440K, used 512K [0x00000000eb180000, 0x00000000f3b00000, 0x0000000100000000)
  eden space 60928K, 0% used [0x00000000eb180000,0x00000000eb180000,0x00000000eed00000)
  from space 512K, 100% used [0x00000000f2980000,0x00000000f2a00000,0x00000000f2a00000)
  to   space 9216K, 0% used [0x00000000f3200000,0x00000000f3200000,0x00000000f3b00000)
 ParOldGen       total 44032K, used 16590K [0x00000000c1400000, 0x00000000c3f00000, 0x00000000eb180000)
  object space 44032K, 37% used [0x00000000c1400000,0x00000000c2433990,0x00000000c3f00000)
 Metaspace       used 18989K, capacity 19601K, committed 19712K, reserved 1067008K
  class space    used 1959K, capacity 2285K, committed 2304K, reserved 1048576K
}
Event: 3.373 GC heap before
{Heap before GC invocations=10 (full 0):
 PSYoungGen      total 61440K, used 61440K [0x00000000eb180000, 0x00000000f3b00000, 0x0000000100000000)
  eden space 60928K, 100% used [0x00000000eb180000,0x00000000eed00000,0x00000000eed00000)
  from space 512K, 100% used [0x00000000f2980000,0x00000000f2a00000,0x00000000f2a00000)
  to   space 9216K, 0% used [0x00000000f3200000,0x00000000f3200000,0x00000000f3b00000)
 ParOldGen       total 44032K, used 16590K [0x00000000c1400000, 0x00000000c3f00000, 0x00000000eb180000)
  object space 44032K, 37% used [0x00000000c1400000,0x00000000c2433990,0x00000000c3f00000)
 Metaspace       used 18989K, capacity 19601K, committed 19712K, reserved 1067008K
  class space    used 1959K, capacity 2285K, committed 2304K, reserved 1048576K
Event: 3.374 GC heap after
Heap after GC invocations=10 (full 0):
 PSYoungGen      total 59392K, used 352K [0x00000000eb180000, 0x00000000f3280000, 0x0000000100000000)
  eden space 58880K, 0% used [0x00000000eb180000,0x00000000eb180000,0x00000000eeb00000)
  from space 512K, 68% used [0x00000000f3200000,0x00000000f3258000,0x00000000f3280000)
  to   space 9216K, 0% used [0x00000000f2080000,0x00000000f2080000,0x00000000f2980000)
 ParOldGen       total 44032K, used 16622K [0x00000000c1400000, 0x00000000c3f00000, 0x00000000eb180000)
  object space 44032K, 37% used [0x00000000c1400000,0x00000000c243b990,0x00000000c3f00000)
 Metaspace       used 18989K, capacity 19601K, committed 19712K, reserved 1067008K
  class space    used 1959K, capacity 2285K, committed 2304K, reserved 1048576K
}

